[+] Containers:
 |- [+] Container: /Game/SommerSpass/Playground/Playground
 |   |- [+] ActorDescs:
 |   |   |- Guid:02612754477D2F0D4E48F884BDB7F8EE BaseClass: NativeClass:/Script/Engine.StaticMeshActor Name:StaticMeshActor_33 Label:SM_QuarterCylinder12 SpatiallyLoaded:1 Bounds:IsValid=true, Min=(X=2000.000 Y=700.000 Z=0.000), Max=(X=2200.000 Y=900.000 Z=100.000) RuntimeGrid:None EditorOnly:0 RuntimeOnly:0 HLODRelevant:1 ListedInSceneOutliner:1 IsMainWorldOnly:0 FolderPath:Cylinder FolderGuid:D075E5BA49330D3EC2503D81A7CF88D1
 |   |   |- Guid:0DE1ED6E4BEC033AF0329EA54B8FD4F7 BaseClass: NativeClass:/Script/Engine.StaticMeshActor Name:StaticMeshActor_6 Label:SM_Cube3 SpatiallyLoaded:1 Bounds:IsValid=true, Min=(X=0.000 Y=3400.000 Z=0.000), Max=(X=3000.000 Y=3500.000 Z=400.000) RuntimeGrid:None EditorOnly:0 RuntimeOnly:0 HLODRelevant:1 ListedInSceneOutliner:1 IsMainWorldOnly:0 FolderPath:Playground FolderGuid:C73F09FC4215536B1DCE2A9E0A830C70
 |   |   |- Guid:14182ADA49173BDCF000C2B3AD89AF3D BaseClass: NativeClass:/Script/Engine.StaticMeshActor Name:StaticMeshActor_8 Label:SM_Cube4 SpatiallyLoaded:1 Bounds:IsValid=true, Min=(X=1200.000 Y=1700.000 Z=0.000), Max=(X=1800.000 Y=2200.000 Z=200.000) RuntimeGrid:None EditorOnly:0 RuntimeOnly:0 HLODRelevant:1 ListedInSceneOutliner:1 IsMainWorldOnly:0 FolderPath:Block01 FolderGuid:7D23E5AE4C2A421F86AF6986D87E6D05
 |   |   |- Guid:1A0DA39347826EA5E5FC00A2A04AE864 BaseClass: NativeClass:/Script/Engine.StaticMeshActor Name:StaticMeshActor_21 Label:SM_QuarterCylinder3 SpatiallyLoaded:1 Bounds:IsValid=true, Min=(X=1500.000 Y=2200.000 Z=0.000), Max=(X=1600.000 Y=2300.000 Z=200.000) RuntimeGrid:None EditorOnly:0 RuntimeOnly:0 HLODRelevant:1 ListedInSceneOutliner:1 IsMainWorldOnly:0 FolderPath:Block01 FolderGuid:7D23E5AE4C2A421F86AF6986D87E6D05
 |   |   |- Guid:1C8F3FD94BDE8E6ED608BB803AE962EC BaseClass: NativeClass:/Script/Engine.PlayerStart Name:PlayerStart_0 Label:PlayerStart SpatiallyLoaded:0 Bounds:IsValid=true, Min=(X=860.000 Y=1070.000 Z=0.013), Max=(X=940.000 Y=1150.000 Z=184.013) RuntimeGrid:None EditorOnly:0 RuntimeOnly:0 HLODRelevant:0 ListedInSceneOutliner:1 IsMainWorldOnly:0
 |   |   |- Guid:1E7E9F154817E01D91F8B3BCB047F200 BaseClass: NativeClass:/Script/Engine.StaticMeshActor Name:StaticMeshActor_34 Label:SM_QuarterCylinder13 SpatiallyLoaded:1 Bounds:IsValid=true, Min=(X=2000.000 Y=500.000 Z=0.000), Max=(X=2200.000 Y=700.000 Z=100.000) RuntimeGrid:None EditorOnly:0 RuntimeOnly:0 HLODRelevant:1 ListedInSceneOutliner:1 IsMainWorldOnly:0 FolderPath:Cylinder FolderGuid:D075E5BA49330D3EC2503D81A7CF88D1
 |   |   |- Guid:27252C31450E3575E06511AA4F96B11B BaseClass:/Game/SommerSpass/Playground/Collectable.Collectable_C NativeClass:/Script/Engine.Actor Name:Collectable_C_UAID_2C56DCD5458D091F02_1894866815 Label:Collectable SpatiallyLoaded:1 Bounds:IsValid=true, Min=(X=980.000 Y=1390.000 Z=60.063), Max=(X=1020.000 Y=1430.000 Z=100.063) RuntimeGrid:None EditorOnly:0 RuntimeOnly:0 HLODRelevant:0 ListedInSceneOutliner:1 IsMainWorldOnly:0
 |   |   |- Guid:27497E1A4DE0C838BFB43ABDB775DFF1 BaseClass: NativeClass:/Script/Engine.StaticMeshActor Name:StaticMeshActor_20 Label:SM_Cube12 SpatiallyLoaded:1 Bounds:IsValid=true, Min=(X=2500.000 Y=2700.000 Z=0.000), Max=(X=2600.000 Y=2800.000 Z=200.000) RuntimeGrid:None EditorOnly:0 RuntimeOnly:0 HLODRelevant:1 ListedInSceneOutliner:1 IsMainWorldOnly:0 FolderPath:Block02 FolderGuid:EBA23F8248252949750E43911A3A1CDD
 |   |   |- Guid:2D400CB4451ED1588F65F4A224BFD9DB BaseClass: NativeClass:/Script/Engine.StaticMeshActor Name:StaticMeshActor_15 Label:SM_Cube10 SpatiallyLoaded:1 Bounds:IsValid=true, Min=(X=1800.000 Y=2100.000 Z=100.000), Max=(X=2000.000 Y=2200.000 Z=200.000) RuntimeGrid:None EditorOnly:0 RuntimeOnly:0 HLODRelevant:1 ListedInSceneOutliner:1 IsMainWorldOnly:0 FolderPath:Block01 FolderGuid:7D23E5AE4C2A421F86AF6986D87E6D05
 |   |   |- Guid:2F803008456515457CAB9AB220277FCF BaseClass: NativeClass:/Script/Engine.StaticMeshActor Name:StaticMeshActor_UAID_2C56DCD5458D121F02_2100319405 Label:SM_QuarterCylinder16 SpatiallyLoaded:1 Bounds:IsValid=true, Min=(X=2450.000 Y=700.000 Z=130.000), Max=(X=2650.000 Y=900.000 Z=230.000) RuntimeGrid:None EditorOnly:0 RuntimeOnly:0 HLODRelevant:1 ListedInSceneOutliner:1 IsMainWorldOnly:0 FolderPath:Cylinder FolderGuid:D075E5BA49330D3EC2503D81A7CF88D1
 |   |   |- Guid:31BCBBAF4040B88E1011E0A6AF62BB85 BaseClass: NativeClass:/Script/Engine.StaticMeshActor Name:StaticMeshActor_32 Label:SM_QuarterCylinder11 SpatiallyLoaded:1 Bounds:IsValid=true, Min=(X=2200.000 Y=700.000 Z=-0.000), Max=(X=2400.000 Y=900.000 Z=100.000) RuntimeGrid:None EditorOnly:0 RuntimeOnly:0 HLODRelevant:1 ListedInSceneOutliner:1 IsMainWorldOnly:0 FolderPath:Cylinder FolderGuid:D075E5BA49330D3EC2503D81A7CF88D1
 |   |   |- Guid:47834BAB4FCE7CD916502AAAC145A7E0 BaseClass: NativeClass:/Script/Engine.SkyAtmosphere Name:SkyAtmosphere_0 Label:SkyAtmosphere SpatiallyLoaded:0 Bounds:IsValid=true, Min=(X=0.000 Y=0.000 Z=1020.000), Max=(X=0.000 Y=0.000 Z=1020.000) RuntimeGrid:None EditorOnly:0 RuntimeOnly:0 HLODRelevant:0 ListedInSceneOutliner:1 IsMainWorldOnly:0 FolderPath:Lighting FolderGuid:963EC3EB4002CCE9759E2EBA541A873A
 |   |   |- Guid:556491FE4F4BBCD51C1D1FAB6CFA3288 BaseClass: NativeClass:/Script/Engine.PostProcessVolume Name:PostProcessVolume_0 Label:PostProcessVolume SpatiallyLoaded:0 Bounds:IsValid=true, Min=(X=0.000 Y=0.000 Z=400.000), Max=(X=200.000 Y=200.000 Z=600.000) RuntimeGrid:None EditorOnly:0 RuntimeOnly:0 HLODRelevant:0 ListedInSceneOutliner:1 IsMainWorldOnly:0 FolderPath:Lighting FolderGuid:963EC3EB4002CCE9759E2EBA541A873A
 |   |   |- Guid:5A61BB144E024037ECDCF5919BD7ED4D BaseClass: NativeClass:/Script/Engine.StaticMeshActor Name:StaticMeshActor_10 Label:SM_ChamferCube2 SpatiallyLoaded:1 Bounds:IsValid=true, Min=(X=992.077 Y=2692.077 Z=0.013), Max=(X=1107.923 Y=2807.923 Z=100.013) RuntimeGrid:None EditorOnly:0 RuntimeOnly:0 HLODRelevant:0 ListedInSceneOutliner:1 IsMainWorldOnly:0
 |   |   |- Guid:5B55406445B3A6E056973186FE663AF6 BaseClass: NativeClass:/Script/Engine.StaticMeshActor Name:StaticMeshActor_1 Label:SM_Cube SpatiallyLoaded:1 Bounds:IsValid=true, Min=(X=0.000 Y=0.000 Z=-50.000), Max=(X=3000.000 Y=3500.000 Z=0.000) RuntimeGrid:None EditorOnly:0 RuntimeOnly:0 HLODRelevant:1 ListedInSceneOutliner:1 IsMainWorldOnly:0 FolderPath:Playground FolderGuid:C73F09FC4215536B1DCE2A9E0A830C70
 |   |   |- Guid:5BE112DC4ABCAD85546933A98021108B BaseClass: NativeClass:/Script/Engine.SkyLight Name:SkyLight_1 Label:SkyLight SpatiallyLoaded:0 Bounds:IsValid=true, Min=(X=0.000 Y=0.000 Z=690.000), Max=(X=0.000 Y=0.000 Z=690.000) RuntimeGrid:None EditorOnly:0 RuntimeOnly:0 HLODRelevant:0 ListedInSceneOutliner:1 IsMainWorldOnly:0 FolderPath:Lighting FolderGuid:963EC3EB4002CCE9759E2EBA541A873A
 |   |   |- Guid:631B3CBC43649FE2A2D1E59DF8A59C46 BaseClass: NativeClass:/Script/Engine.ExponentialHeightFog Name:ExponentialHeightFog_0 Label:ExponentialHeightFog SpatiallyLoaded:0 Bounds:IsValid=true, Min=(X=-5600.000 Y=-50.000 Z=-6850.000), Max=(X=-5600.000 Y=-50.000 Z=-6850.000) RuntimeGrid:None EditorOnly:0 RuntimeOnly:0 HLODRelevant:0 ListedInSceneOutliner:1 IsMainWorldOnly:0 FolderPath:Lighting FolderGuid:963EC3EB4002CCE9759E2EBA541A873A
 |   |   |- Guid:6953A2D24EEA33B9FC2089B92339A78E BaseClass: NativeClass:/Script/Engine.StaticMeshActor Name:StaticMeshActor_13 Label:SM_Cube9 SpatiallyLoaded:1 Bounds:IsValid=true, Min=(X=1800.000 Y=1500.000 Z=0.000), Max=(X=2000.000 Y=2200.000 Z=100.000) RuntimeGrid:None EditorOnly:0 RuntimeOnly:0 HLODRelevant:1 ListedInSceneOutliner:1 IsMainWorldOnly:0 FolderPath:Block01 FolderGuid:7D23E5AE4C2A421F86AF6986D87E6D05
 |   |   |- Guid:6C53ABAD4AC5841134BB6F8D4AF2AE2C BaseClass: NativeClass:/Script/Engine.StaticMeshActor Name:StaticMeshActor_24 Label:SM_Cube13 SpatiallyLoaded:1 Bounds:IsValid=true, Min=(X=300.000 Y=2700.000 Z=0.000), Max=(X=400.000 Y=2800.000 Z=200.000) RuntimeGrid:None EditorOnly:0 RuntimeOnly:0 HLODRelevant:1 ListedInSceneOutliner:1 IsMainWorldOnly:0 FolderPath:Block03 FolderGuid:7B7009C345D3D6DD94D3429E1D79C034
 |   |   |- Guid:6CE297914689BBA4D32190839108917E BaseClass:/Game/SommerSpass/Playground/Collectable.Collectable_C NativeClass:/Script/Engine.Actor Name:Collectable_C_UAID_2C56DCD5458D121F02_2052822403 Label:Collectable6 SpatiallyLoaded:1 Bounds:IsValid=true, Min=(X=1930.000 Y=1040.000 Z=60.063), Max=(X=1970.000 Y=1080.000 Z=100.063) RuntimeGrid:None EditorOnly:0 RuntimeOnly:0 HLODRelevant:0 ListedInSceneOutliner:1 IsMainWorldOnly:0
 |   |   |- Guid:6EA221384854F9C98A37F582D5E08480 BaseClass: NativeClass:/Script/Engine.StaticMeshActor Name:StaticMeshActor_5 Label:SM_Cube2 SpatiallyLoaded:1 Bounds:IsValid=true, Min=(X=0.000 Y=0.000 Z=0.000), Max=(X=3000.000 Y=100.000 Z=400.000) RuntimeGrid:None EditorOnly:0 RuntimeOnly:0 HLODRelevant:1 ListedInSceneOutliner:1 IsMainWorldOnly:0 FolderPath:Playground FolderGuid:C73F09FC4215536B1DCE2A9E0A830C70
 |   |   |- Guid:70325A5F40F88BD17303129E7F0F1D15 BaseClass: NativeClass:/Script/Engine.DirectionalLight Name:DirectionalLight_0 Label:DirectionalLight SpatiallyLoaded:0 Bounds:Invalid RuntimeGrid:None EditorOnly:0 RuntimeOnly:0 HLODRelevant:0 ListedInSceneOutliner:1 IsMainWorldOnly:0 FolderPath:Lighting FolderGuid:963EC3EB4002CCE9759E2EBA541A873A
 |   |   |- Guid:73FDE2A74E855F7D071405A34AA6871A BaseClass: NativeClass:/Script/Engine.StaticMeshActor Name:StaticMeshActor_3 Label:SM_Ramp SpatiallyLoaded:1 Bounds:IsValid=true, Min=(X=1300.000 Y=600.000 Z=0.000), Max=(X=1700.000 Y=800.000 Z=30.000) RuntimeGrid:None EditorOnly:0 RuntimeOnly:0 HLODRelevant:1 ListedInSceneOutliner:1 IsMainWorldOnly:0
 |   |   |- Guid:7570C02D4BFAE7ECD9129294EB367568 BaseClass: NativeClass:/Script/Engine.StaticMeshActor Name:StaticMeshActor_12 Label:SM_Cube8 SpatiallyLoaded:1 Bounds:IsValid=true, Min=(X=1300.000 Y=2600.000 Z=0.000), Max=(X=2500.000 Y=2900.000 Z=200.000) RuntimeGrid:None EditorOnly:0 RuntimeOnly:0 HLODRelevant:1 ListedInSceneOutliner:1 IsMainWorldOnly:0 FolderPath:Block02 FolderGuid:EBA23F8248252949750E43911A3A1CDD
 |   |   |- Guid:77182F8E444B86FE328780A3C07EE166 BaseClass: NativeClass:/Script/Engine.StaticMeshActor Name:StaticMeshActor_14 Label:SM_Ramp3 SpatiallyLoaded:1 Bounds:IsValid=true, Min=(X=1800.000 Y=1700.000 Z=100.000), Max=(X=2000.000 Y=2100.000 Z=200.000) RuntimeGrid:None EditorOnly:0 RuntimeOnly:0 HLODRelevant:1 ListedInSceneOutliner:1 IsMainWorldOnly:0 FolderPath:Block01 FolderGuid:7D23E5AE4C2A421F86AF6986D87E6D05
 |   |   |- Guid:77F4EACB448F6CAB709E178A8A1DE94C BaseClass: NativeClass:/Script/Engine.StaticMeshActor Name:StaticMeshActor_16 Label:SM_Cube11 SpatiallyLoaded:1 Bounds:IsValid=true, Min=(X=400.000 Y=2600.000 Z=0.000), Max=(X=700.000 Y=2900.000 Z=200.000) RuntimeGrid:None EditorOnly:0 RuntimeOnly:0 HLODRelevant:1 ListedInSceneOutliner:1 IsMainWorldOnly:0 FolderPath:Block03 FolderGuid:7B7009C345D3D6DD94D3429E1D79C034
 |   |   |- Guid:7F0263A845D989E6C0B10796F4716A98 BaseClass: NativeClass:/Script/Engine.StaticMeshActor Name:StaticMeshActor_UAID_2C56DCD5458D121F02_2100317404 Label:SM_QuarterCylinder15 SpatiallyLoaded:1 Bounds:IsValid=true, Min=(X=2450.000 Y=500.000 Z=130.000), Max=(X=2650.000 Y=700.000 Z=230.000) RuntimeGrid:None EditorOnly:0 RuntimeOnly:0 HLODRelevant:1 ListedInSceneOutliner:1 IsMainWorldOnly:0 FolderPath:Cylinder FolderGuid:D075E5BA49330D3EC2503D81A7CF88D1
 |   |   |- Guid:7FA27C7A4C18F513C041C299D78735E3 BaseClass: NativeClass:/Script/Engine.StaticMeshActor Name:StaticMeshActor_2 Label:SM_ChamferCube SpatiallyLoaded:1 Bounds:IsValid=true, Min=(X=1100.000 Y=2000.000 Z=0.013), Max=(X=1200.000 Y=2100.000 Z=100.013) RuntimeGrid:None EditorOnly:0 RuntimeOnly:0 HLODRelevant:0 ListedInSceneOutliner:1 IsMainWorldOnly:0
 |   |   |- Guid:8160E09D45CE3C513F65A286B8EA1384 BaseClass:/Game/SommerSpass/Playground/Collectable.Collectable_C NativeClass:/Script/Engine.Actor Name:Collectable_C_UAID_2C56DCD5458D121F02_2051774402 Label:Collectable5 SpatiallyLoaded:1 Bounds:IsValid=true, Min=(X=1840.000 Y=1180.000 Z=60.063), Max=(X=1880.000 Y=1220.000 Z=100.063) RuntimeGrid:None EditorOnly:0 RuntimeOnly:0 HLODRelevant:0 ListedInSceneOutliner:1 IsMainWorldOnly:0
 |   |   |- Guid:8EACF36F4FAD5D67A113159917C1AFC7 BaseClass: NativeClass:/Script/Engine.VolumetricCloud Name:VolumetricCloud_0 Label:VolumetricCloud SpatiallyLoaded:0 Bounds:IsValid=true, Min=(X=0.000 Y=0.000 Z=820.000), Max=(X=0.000 Y=0.000 Z=820.000) RuntimeGrid:None EditorOnly:0 RuntimeOnly:0 HLODRelevant:0 ListedInSceneOutliner:1 IsMainWorldOnly:0 FolderPath:Lighting FolderGuid:963EC3EB4002CCE9759E2EBA541A873A
 |   |   |- Guid:90CE07364B497FA49617F7811F13B0FD BaseClass:/Game/SommerSpass/Playground/Collectable.Collectable_C NativeClass:/Script/Engine.Actor Name:Collectable_C_UAID_2C56DCD5458D111F02_1967898225 Label:Collectable4 SpatiallyLoaded:1 Bounds:IsValid=true, Min=(X=1350.000 Y=1180.000 Z=60.063), Max=(X=1390.000 Y=1220.000 Z=100.063) RuntimeGrid:None EditorOnly:0 RuntimeOnly:0 HLODRelevant:0 ListedInSceneOutliner:1 IsMainWorldOnly:0
 |   |   |- Guid:9FE431DE4C822F6E1A4BA287071C2D41 BaseClass: NativeClass:/Script/Engine.WorldDataLayers Name:WorldDataLayers Label:WorldDataLayers SpatiallyLoaded:0 Bounds:Invalid RuntimeGrid:None EditorOnly:0 RuntimeOnly:0 HLODRelevant:0 ListedInSceneOutliner:1 IsMainWorldOnly:1
 |   |   |- Guid:A537F59E4F778A5C37C174949E4944B9 BaseClass: NativeClass:/Script/Engine.StaticMeshActor Name:StaticMeshActor_11 Label:SM_ChamferCube3 SpatiallyLoaded:1 Bounds:IsValid=true, Min=(X=481.699 Y=2271.699 Z=0.013), Max=(X=618.301 Y=2408.301 Z=100.013) RuntimeGrid:None EditorOnly:0 RuntimeOnly:0 HLODRelevant:0 ListedInSceneOutliner:1 IsMainWorldOnly:0
 |   |   |- Guid:ABA2CD084B812F337E3A6B89F8FAEBDF BaseClass: NativeClass:/Script/Engine.StaticMeshActor Name:StaticMeshActor_UAID_A4AE111137DC5EFB00_1110535423 Label:SM_SkySphere SpatiallyLoaded:0 Bounds:IsValid=true, Min=(X=-1638400.000 Y=-1638400.000 Z=-1638400.000), Max=(X=1638400.000 Y=1638400.000 Z=1638400.000) RuntimeGrid:None EditorOnly:0 RuntimeOnly:0 HLODRelevant:0 ListedInSceneOutliner:1 IsMainWorldOnly:0 FolderPath:Lighting FolderGuid:963EC3EB4002CCE9759E2EBA541A873A
 |   |   |- Guid:B24DDA724EACFCEDD674BF8CC1C04167 BaseClass: NativeClass:/Script/Engine.StaticMeshActor Name:StaticMeshActor_0 Label:SM_Cube5 SpatiallyLoaded:1 Bounds:IsValid=true, Min=(X=-0.000 Y=100.000 Z=0.000), Max=(X=100.000 Y=3400.000 Z=400.000) RuntimeGrid:None EditorOnly:0 RuntimeOnly:0 HLODRelevant:1 ListedInSceneOutliner:1 IsMainWorldOnly:0 FolderPath:Playground FolderGuid:C73F09FC4215536B1DCE2A9E0A830C70
 |   |   |- Guid:BD3474D944C0BE01C96B2682B5C8F3EC BaseClass: NativeClass:/Script/Engine.StaticMeshActor Name:StaticMeshActor_23 Label:SM_QuarterCylinder5 SpatiallyLoaded:1 Bounds:IsValid=true, Min=(X=300.000 Y=2800.000 Z=0.000), Max=(X=400.000 Y=2900.000 Z=200.000) RuntimeGrid:None EditorOnly:0 RuntimeOnly:0 HLODRelevant:1 ListedInSceneOutliner:1 IsMainWorldOnly:0 FolderPath:Block03 FolderGuid:7B7009C345D3D6DD94D3429E1D79C034
 |   |   |- Guid:BD4C17FD4AFAC65F08EFAE8EDFAE374E BaseClass:/Game/SommerSpass/Playground/Collectable.Collectable_C NativeClass:/Script/Engine.Actor Name:Collectable_C_UAID_2C56DCD5458D111F02_1965989223 Label:Collectable2 SpatiallyLoaded:1 Bounds:IsValid=true, Min=(X=1190.000 Y=1390.000 Z=60.063), Max=(X=1230.000 Y=1430.000 Z=100.063) RuntimeGrid:None EditorOnly:0 RuntimeOnly:0 HLODRelevant:0 ListedInSceneOutliner:1 IsMainWorldOnly:0
 |   |   |- Guid:C8483DAE401E3CC56FC457B71658AEE1 BaseClass:/Game/SommerSpass/Playground/Collectable.Collectable_C NativeClass:/Script/Engine.Actor Name:Collectable_C_UAID_2C56DCD5458D111F02_1966943224 Label:Collectable3 SpatiallyLoaded:1 Bounds:IsValid=true, Min=(X=1350.000 Y=1390.000 Z=60.063), Max=(X=1390.000 Y=1430.000 Z=100.063) RuntimeGrid:None EditorOnly:0 RuntimeOnly:0 HLODRelevant:0 ListedInSceneOutliner:1 IsMainWorldOnly:0
 |   |   |- Guid:CE0C85EE4402D1C1778652A7DF490D40 BaseClass: NativeClass:/Script/Engine.StaticMeshActor Name:StaticMeshActor_22 Label:SM_QuarterCylinder4 SpatiallyLoaded:1 Bounds:IsValid=true, Min=(X=300.000 Y=2600.000 Z=0.000), Max=(X=400.000 Y=2700.000 Z=200.000) RuntimeGrid:None EditorOnly:0 RuntimeOnly:0 HLODRelevant:1 ListedInSceneOutliner:1 IsMainWorldOnly:0 FolderPath:Block03 FolderGuid:7B7009C345D3D6DD94D3429E1D79C034
 |   |   |- Guid:CE4068154903E50A7F5E1AA41F7675CF BaseClass: NativeClass:/Script/Engine.StaticMeshActor Name:StaticMeshActor_25 Label:SM_QuarterCylinder6 SpatiallyLoaded:1 Bounds:IsValid=true, Min=(X=1200.000 Y=2200.000 Z=0.000), Max=(X=1300.000 Y=2300.000 Z=200.000) RuntimeGrid:None EditorOnly:0 RuntimeOnly:0 HLODRelevant:1 ListedInSceneOutliner:1 IsMainWorldOnly:0 FolderPath:Block01 FolderGuid:7D23E5AE4C2A421F86AF6986D87E6D05
 |   |   |- Guid:D3C7F28040EC5094FCA382AFF997082F BaseClass: NativeClass:/Script/Engine.StaticMeshActor Name:StaticMeshActor_7 Label:SM_Cube7 SpatiallyLoaded:1 Bounds:IsValid=true, Min=(X=1300.000 Y=2200.000 Z=0.000), Max=(X=1500.000 Y=2300.000 Z=200.000) RuntimeGrid:None EditorOnly:0 RuntimeOnly:0 HLODRelevant:1 ListedInSceneOutliner:1 IsMainWorldOnly:0 FolderPath:Block01 FolderGuid:7D23E5AE4C2A421F86AF6986D87E6D05
 |   |   |- Guid:D4E9EB654A468917D7EA39A36DD998DB BaseClass: NativeClass:/Script/Engine.StaticMeshActor Name:StaticMeshActor_18 Label:SM_QuarterCylinder SpatiallyLoaded:1 Bounds:IsValid=true, Min=(X=2500.000 Y=2800.000 Z=0.000), Max=(X=2600.000 Y=2900.000 Z=200.000) RuntimeGrid:None EditorOnly:0 RuntimeOnly:0 HLODRelevant:1 ListedInSceneOutliner:1 IsMainWorldOnly:0 FolderPath:Block02 FolderGuid:EBA23F8248252949750E43911A3A1CDD
 |   |   |- Guid:D8F7CE274BE01B6CD658B9B2BA74F71A BaseClass: NativeClass:/Script/Engine.StaticMeshActor Name:StaticMeshActor_UAID_2C56DCD5458D121F02_2100322407 Label:SM_QuarterCylinder18 SpatiallyLoaded:1 Bounds:IsValid=true, Min=(X=2650.000 Y=700.000 Z=130.000), Max=(X=2850.000 Y=900.000 Z=230.000) RuntimeGrid:None EditorOnly:0 RuntimeOnly:0 HLODRelevant:1 ListedInSceneOutliner:1 IsMainWorldOnly:0 FolderPath:Cylinder FolderGuid:D075E5BA49330D3EC2503D81A7CF88D1
 |   |   |- Guid:EACFE9C743D4F1D9CC4425B63478209C BaseClass: NativeClass:/Script/Engine.StaticMeshActor Name:StaticMeshActor_UAID_2C56DCD5458D121F02_2100321406 Label:SM_QuarterCylinder17 SpatiallyLoaded:1 Bounds:IsValid=true, Min=(X=2650.000 Y=500.000 Z=130.000), Max=(X=2850.000 Y=700.000 Z=230.000) RuntimeGrid:None EditorOnly:0 RuntimeOnly:0 HLODRelevant:1 ListedInSceneOutliner:1 IsMainWorldOnly:0 FolderPath:Cylinder FolderGuid:D075E5BA49330D3EC2503D81A7CF88D1
 |   |   |- Guid:EDCDAF6A4F516AE6136C3BAEAD696ACD BaseClass: NativeClass:/Script/Engine.StaticMeshActor Name:StaticMeshActor_19 Label:SM_QuarterCylinder2 SpatiallyLoaded:1 Bounds:IsValid=true, Min=(X=2500.000 Y=2600.000 Z=0.000), Max=(X=2600.000 Y=2700.000 Z=200.000) RuntimeGrid:None EditorOnly:0 RuntimeOnly:0 HLODRelevant:1 ListedInSceneOutliner:1 IsMainWorldOnly:0 FolderPath:Block02 FolderGuid:EBA23F8248252949750E43911A3A1CDD
 |   |   |- Guid:F0D872474FA89AB4A01DFABC1DEFB6E1 BaseClass: NativeClass:/Script/Engine.StaticMeshActor Name:StaticMeshActor_9 Label:SM_Ramp2 SpatiallyLoaded:1 Bounds:IsValid=true, Min=(X=1400.000 Y=1500.000 Z=0.000), Max=(X=1800.000 Y=1700.000 Z=100.000) RuntimeGrid:None EditorOnly:0 RuntimeOnly:0 HLODRelevant:1 ListedInSceneOutliner:1 IsMainWorldOnly:0 FolderPath:Block01 FolderGuid:7D23E5AE4C2A421F86AF6986D87E6D05
 |   |   |- Guid:F4C4F7A74899A1F8E0FAB0AC8B1C5F4D BaseClass: NativeClass:/Script/Engine.TextRenderActor Name:TextRenderActor_1 Label:TextRenderActor SpatiallyLoaded:1 Bounds:IsValid=true, Min=(X=-0.100 Y=1100.000 Z=65.013), Max=(X=-0.100 Y=2392.308 Z=215.013) RuntimeGrid:None EditorOnly:0 RuntimeOnly:0 HLODRelevant:0 ListedInSceneOutliner:1 IsMainWorldOnly:0
 |   |   |- Guid:F62C467A40A0C75F146A6CAC0EA30465 BaseClass: NativeClass:/Script/Engine.StaticMeshActor Name:StaticMeshActor_35 Label:SM_QuarterCylinder14 SpatiallyLoaded:1 Bounds:IsValid=true, Min=(X=2200.000 Y=500.000 Z=0.000), Max=(X=2400.000 Y=700.000 Z=100.000) RuntimeGrid:None EditorOnly:0 RuntimeOnly:0 HLODRelevant:1 ListedInSceneOutliner:1 IsMainWorldOnly:0 FolderPath:Cylinder FolderGuid:D075E5BA49330D3EC2503D81A7CF88D1
 |   |- [+] Clusters:
 |   |   |- [+] [  0]
 |   |   |   |- Guid:02612754477D2F0D4E48F884BDB7F8EE BaseClass: NativeClass:/Script/Engine.StaticMeshActor Name:StaticMeshActor_33 Label:SM_QuarterCylinder12 SpatiallyLoaded:1 Bounds:IsValid=true, Min=(X=2000.000 Y=700.000 Z=0.000), Max=(X=2200.000 Y=900.000 Z=100.000) RuntimeGrid:None EditorOnly:0 RuntimeOnly:0 HLODRelevant:1 ListedInSceneOutliner:1 IsMainWorldOnly:0 FolderPath:Cylinder FolderGuid:D075E5BA49330D3EC2503D81A7CF88D1
 |   |   |- [+] [  1]
 |   |   |   |- Guid:0DE1ED6E4BEC033AF0329EA54B8FD4F7 BaseClass: NativeClass:/Script/Engine.StaticMeshActor Name:StaticMeshActor_6 Label:SM_Cube3 SpatiallyLoaded:1 Bounds:IsValid=true, Min=(X=0.000 Y=3400.000 Z=0.000), Max=(X=3000.000 Y=3500.000 Z=400.000) RuntimeGrid:None EditorOnly:0 RuntimeOnly:0 HLODRelevant:1 ListedInSceneOutliner:1 IsMainWorldOnly:0 FolderPath:Playground FolderGuid:C73F09FC4215536B1DCE2A9E0A830C70
 |   |   |- [+] [  2]
 |   |   |   |- Guid:14182ADA49173BDCF000C2B3AD89AF3D BaseClass: NativeClass:/Script/Engine.StaticMeshActor Name:StaticMeshActor_8 Label:SM_Cube4 SpatiallyLoaded:1 Bounds:IsValid=true, Min=(X=1200.000 Y=1700.000 Z=0.000), Max=(X=1800.000 Y=2200.000 Z=200.000) RuntimeGrid:None EditorOnly:0 RuntimeOnly:0 HLODRelevant:1 ListedInSceneOutliner:1 IsMainWorldOnly:0 FolderPath:Block01 FolderGuid:7D23E5AE4C2A421F86AF6986D87E6D05
 |   |   |- [+] [  3]
 |   |   |   |- Guid:1A0DA39347826EA5E5FC00A2A04AE864 BaseClass: NativeClass:/Script/Engine.StaticMeshActor Name:StaticMeshActor_21 Label:SM_QuarterCylinder3 SpatiallyLoaded:1 Bounds:IsValid=true, Min=(X=1500.000 Y=2200.000 Z=0.000), Max=(X=1600.000 Y=2300.000 Z=200.000) RuntimeGrid:None EditorOnly:0 RuntimeOnly:0 HLODRelevant:1 ListedInSceneOutliner:1 IsMainWorldOnly:0 FolderPath:Block01 FolderGuid:7D23E5AE4C2A421F86AF6986D87E6D05
 |   |   |- [+] [  4]
 |   |   |   |- Guid:1C8F3FD94BDE8E6ED608BB803AE962EC BaseClass: NativeClass:/Script/Engine.PlayerStart Name:PlayerStart_0 Label:PlayerStart SpatiallyLoaded:0 Bounds:IsValid=true, Min=(X=860.000 Y=1070.000 Z=0.013), Max=(X=940.000 Y=1150.000 Z=184.013) RuntimeGrid:None EditorOnly:0 RuntimeOnly:0 HLODRelevant:0 ListedInSceneOutliner:1 IsMainWorldOnly:0
 |   |   |- [+] [  5]
 |   |   |   |- Guid:1E7E9F154817E01D91F8B3BCB047F200 BaseClass: NativeClass:/Script/Engine.StaticMeshActor Name:StaticMeshActor_34 Label:SM_QuarterCylinder13 SpatiallyLoaded:1 Bounds:IsValid=true, Min=(X=2000.000 Y=500.000 Z=0.000), Max=(X=2200.000 Y=700.000 Z=100.000) RuntimeGrid:None EditorOnly:0 RuntimeOnly:0 HLODRelevant:1 ListedInSceneOutliner:1 IsMainWorldOnly:0 FolderPath:Cylinder FolderGuid:D075E5BA49330D3EC2503D81A7CF88D1
 |   |   |- [+] [  6]
 |   |   |   |- Guid:27252C31450E3575E06511AA4F96B11B BaseClass:/Game/SommerSpass/Playground/Collectable.Collectable_C NativeClass:/Script/Engine.Actor Name:Collectable_C_UAID_2C56DCD5458D091F02_1894866815 Label:Collectable SpatiallyLoaded:1 Bounds:IsValid=true, Min=(X=980.000 Y=1390.000 Z=60.063), Max=(X=1020.000 Y=1430.000 Z=100.063) RuntimeGrid:None EditorOnly:0 RuntimeOnly:0 HLODRelevant:0 ListedInSceneOutliner:1 IsMainWorldOnly:0
 |   |   |- [+] [  7]
 |   |   |   |- Guid:27497E1A4DE0C838BFB43ABDB775DFF1 BaseClass: NativeClass:/Script/Engine.StaticMeshActor Name:StaticMeshActor_20 Label:SM_Cube12 SpatiallyLoaded:1 Bounds:IsValid=true, Min=(X=2500.000 Y=2700.000 Z=0.000), Max=(X=2600.000 Y=2800.000 Z=200.000) RuntimeGrid:None EditorOnly:0 RuntimeOnly:0 HLODRelevant:1 ListedInSceneOutliner:1 IsMainWorldOnly:0 FolderPath:Block02 FolderGuid:EBA23F8248252949750E43911A3A1CDD
 |   |   |- [+] [  8]
 |   |   |   |- Guid:2D400CB4451ED1588F65F4A224BFD9DB BaseClass: NativeClass:/Script/Engine.StaticMeshActor Name:StaticMeshActor_15 Label:SM_Cube10 SpatiallyLoaded:1 Bounds:IsValid=true, Min=(X=1800.000 Y=2100.000 Z=100.000), Max=(X=2000.000 Y=2200.000 Z=200.000) RuntimeGrid:None EditorOnly:0 RuntimeOnly:0 HLODRelevant:1 ListedInSceneOutliner:1 IsMainWorldOnly:0 FolderPath:Block01 FolderGuid:7D23E5AE4C2A421F86AF6986D87E6D05
 |   |   |- [+] [  9]
 |   |   |   |- Guid:2F803008456515457CAB9AB220277FCF BaseClass: NativeClass:/Script/Engine.StaticMeshActor Name:StaticMeshActor_UAID_2C56DCD5458D121F02_2100319405 Label:SM_QuarterCylinder16 SpatiallyLoaded:1 Bounds:IsValid=true, Min=(X=2450.000 Y=700.000 Z=130.000), Max=(X=2650.000 Y=900.000 Z=230.000) RuntimeGrid:None EditorOnly:0 RuntimeOnly:0 HLODRelevant:1 ListedInSceneOutliner:1 IsMainWorldOnly:0 FolderPath:Cylinder FolderGuid:D075E5BA49330D3EC2503D81A7CF88D1
 |   |   |- [+] [ 10]
 |   |   |   |- Guid:31BCBBAF4040B88E1011E0A6AF62BB85 BaseClass: NativeClass:/Script/Engine.StaticMeshActor Name:StaticMeshActor_32 Label:SM_QuarterCylinder11 SpatiallyLoaded:1 Bounds:IsValid=true, Min=(X=2200.000 Y=700.000 Z=-0.000), Max=(X=2400.000 Y=900.000 Z=100.000) RuntimeGrid:None EditorOnly:0 RuntimeOnly:0 HLODRelevant:1 ListedInSceneOutliner:1 IsMainWorldOnly:0 FolderPath:Cylinder FolderGuid:D075E5BA49330D3EC2503D81A7CF88D1
 |   |   |- [+] [ 11]
 |   |   |   |- Guid:47834BAB4FCE7CD916502AAAC145A7E0 BaseClass: NativeClass:/Script/Engine.SkyAtmosphere Name:SkyAtmosphere_0 Label:SkyAtmosphere SpatiallyLoaded:0 Bounds:IsValid=true, Min=(X=0.000 Y=0.000 Z=1020.000), Max=(X=0.000 Y=0.000 Z=1020.000) RuntimeGrid:None EditorOnly:0 RuntimeOnly:0 HLODRelevant:0 ListedInSceneOutliner:1 IsMainWorldOnly:0 FolderPath:Lighting FolderGuid:963EC3EB4002CCE9759E2EBA541A873A
 |   |   |- [+] [ 12]
 |   |   |   |- Guid:556491FE4F4BBCD51C1D1FAB6CFA3288 BaseClass: NativeClass:/Script/Engine.PostProcessVolume Name:PostProcessVolume_0 Label:PostProcessVolume SpatiallyLoaded:0 Bounds:IsValid=true, Min=(X=0.000 Y=0.000 Z=400.000), Max=(X=200.000 Y=200.000 Z=600.000) RuntimeGrid:None EditorOnly:0 RuntimeOnly:0 HLODRelevant:0 ListedInSceneOutliner:1 IsMainWorldOnly:0 FolderPath:Lighting FolderGuid:963EC3EB4002CCE9759E2EBA541A873A
 |   |   |- [+] [ 13]
 |   |   |   |- Guid:5A61BB144E024037ECDCF5919BD7ED4D BaseClass: NativeClass:/Script/Engine.StaticMeshActor Name:StaticMeshActor_10 Label:SM_ChamferCube2 SpatiallyLoaded:1 Bounds:IsValid=true, Min=(X=992.077 Y=2692.077 Z=0.013), Max=(X=1107.923 Y=2807.923 Z=100.013) RuntimeGrid:None EditorOnly:0 RuntimeOnly:0 HLODRelevant:0 ListedInSceneOutliner:1 IsMainWorldOnly:0
 |   |   |- [+] [ 14]
 |   |   |   |- Guid:5B55406445B3A6E056973186FE663AF6 BaseClass: NativeClass:/Script/Engine.StaticMeshActor Name:StaticMeshActor_1 Label:SM_Cube SpatiallyLoaded:1 Bounds:IsValid=true, Min=(X=0.000 Y=0.000 Z=-50.000), Max=(X=3000.000 Y=3500.000 Z=0.000) RuntimeGrid:None EditorOnly:0 RuntimeOnly:0 HLODRelevant:1 ListedInSceneOutliner:1 IsMainWorldOnly:0 FolderPath:Playground FolderGuid:C73F09FC4215536B1DCE2A9E0A830C70
 |   |   |- [+] [ 15]
 |   |   |   |- Guid:5BE112DC4ABCAD85546933A98021108B BaseClass: NativeClass:/Script/Engine.SkyLight Name:SkyLight_1 Label:SkyLight SpatiallyLoaded:0 Bounds:IsValid=true, Min=(X=0.000 Y=0.000 Z=690.000), Max=(X=0.000 Y=0.000 Z=690.000) RuntimeGrid:None EditorOnly:0 RuntimeOnly:0 HLODRelevant:0 ListedInSceneOutliner:1 IsMainWorldOnly:0 FolderPath:Lighting FolderGuid:963EC3EB4002CCE9759E2EBA541A873A
 |   |   |- [+] [ 16]
 |   |   |   |- Guid:631B3CBC43649FE2A2D1E59DF8A59C46 BaseClass: NativeClass:/Script/Engine.ExponentialHeightFog Name:ExponentialHeightFog_0 Label:ExponentialHeightFog SpatiallyLoaded:0 Bounds:IsValid=true, Min=(X=-5600.000 Y=-50.000 Z=-6850.000), Max=(X=-5600.000 Y=-50.000 Z=-6850.000) RuntimeGrid:None EditorOnly:0 RuntimeOnly:0 HLODRelevant:0 ListedInSceneOutliner:1 IsMainWorldOnly:0 FolderPath:Lighting FolderGuid:963EC3EB4002CCE9759E2EBA541A873A
 |   |   |- [+] [ 17]
 |   |   |   |- Guid:6953A2D24EEA33B9FC2089B92339A78E BaseClass: NativeClass:/Script/Engine.StaticMeshActor Name:StaticMeshActor_13 Label:SM_Cube9 SpatiallyLoaded:1 Bounds:IsValid=true, Min=(X=1800.000 Y=1500.000 Z=0.000), Max=(X=2000.000 Y=2200.000 Z=100.000) RuntimeGrid:None EditorOnly:0 RuntimeOnly:0 HLODRelevant:1 ListedInSceneOutliner:1 IsMainWorldOnly:0 FolderPath:Block01 FolderGuid:7D23E5AE4C2A421F86AF6986D87E6D05
 |   |   |- [+] [ 18]
 |   |   |   |- Guid:6C53ABAD4AC5841134BB6F8D4AF2AE2C BaseClass: NativeClass:/Script/Engine.StaticMeshActor Name:StaticMeshActor_24 Label:SM_Cube13 SpatiallyLoaded:1 Bounds:IsValid=true, Min=(X=300.000 Y=2700.000 Z=0.000), Max=(X=400.000 Y=2800.000 Z=200.000) RuntimeGrid:None EditorOnly:0 RuntimeOnly:0 HLODRelevant:1 ListedInSceneOutliner:1 IsMainWorldOnly:0 FolderPath:Block03 FolderGuid:7B7009C345D3D6DD94D3429E1D79C034
 |   |   |- [+] [ 19]
 |   |   |   |- Guid:6CE297914689BBA4D32190839108917E BaseClass:/Game/SommerSpass/Playground/Collectable.Collectable_C NativeClass:/Script/Engine.Actor Name:Collectable_C_UAID_2C56DCD5458D121F02_2052822403 Label:Collectable6 SpatiallyLoaded:1 Bounds:IsValid=true, Min=(X=1930.000 Y=1040.000 Z=60.063), Max=(X=1970.000 Y=1080.000 Z=100.063) RuntimeGrid:None EditorOnly:0 RuntimeOnly:0 HLODRelevant:0 ListedInSceneOutliner:1 IsMainWorldOnly:0
 |   |   |- [+] [ 20]
 |   |   |   |- Guid:6EA221384854F9C98A37F582D5E08480 BaseClass: NativeClass:/Script/Engine.StaticMeshActor Name:StaticMeshActor_5 Label:SM_Cube2 SpatiallyLoaded:1 Bounds:IsValid=true, Min=(X=0.000 Y=0.000 Z=0.000), Max=(X=3000.000 Y=100.000 Z=400.000) RuntimeGrid:None EditorOnly:0 RuntimeOnly:0 HLODRelevant:1 ListedInSceneOutliner:1 IsMainWorldOnly:0 FolderPath:Playground FolderGuid:C73F09FC4215536B1DCE2A9E0A830C70
 |   |   |- [+] [ 21]
 |   |   |   |- Guid:70325A5F40F88BD17303129E7F0F1D15 BaseClass: NativeClass:/Script/Engine.DirectionalLight Name:DirectionalLight_0 Label:DirectionalLight SpatiallyLoaded:0 Bounds:Invalid RuntimeGrid:None EditorOnly:0 RuntimeOnly:0 HLODRelevant:0 ListedInSceneOutliner:1 IsMainWorldOnly:0 FolderPath:Lighting FolderGuid:963EC3EB4002CCE9759E2EBA541A873A
 |   |   |- [+] [ 22]
 |   |   |   |- Guid:73FDE2A74E855F7D071405A34AA6871A BaseClass: NativeClass:/Script/Engine.StaticMeshActor Name:StaticMeshActor_3 Label:SM_Ramp SpatiallyLoaded:1 Bounds:IsValid=true, Min=(X=1300.000 Y=600.000 Z=0.000), Max=(X=1700.000 Y=800.000 Z=30.000) RuntimeGrid:None EditorOnly:0 RuntimeOnly:0 HLODRelevant:1 ListedInSceneOutliner:1 IsMainWorldOnly:0
 |   |   |- [+] [ 23]
 |   |   |   |- Guid:7570C02D4BFAE7ECD9129294EB367568 BaseClass: NativeClass:/Script/Engine.StaticMeshActor Name:StaticMeshActor_12 Label:SM_Cube8 SpatiallyLoaded:1 Bounds:IsValid=true, Min=(X=1300.000 Y=2600.000 Z=0.000), Max=(X=2500.000 Y=2900.000 Z=200.000) RuntimeGrid:None EditorOnly:0 RuntimeOnly:0 HLODRelevant:1 ListedInSceneOutliner:1 IsMainWorldOnly:0 FolderPath:Block02 FolderGuid:EBA23F8248252949750E43911A3A1CDD
 |   |   |- [+] [ 24]
 |   |   |   |- Guid:77182F8E444B86FE328780A3C07EE166 BaseClass: NativeClass:/Script/Engine.StaticMeshActor Name:StaticMeshActor_14 Label:SM_Ramp3 SpatiallyLoaded:1 Bounds:IsValid=true, Min=(X=1800.000 Y=1700.000 Z=100.000), Max=(X=2000.000 Y=2100.000 Z=200.000) RuntimeGrid:None EditorOnly:0 RuntimeOnly:0 HLODRelevant:1 ListedInSceneOutliner:1 IsMainWorldOnly:0 FolderPath:Block01 FolderGuid:7D23E5AE4C2A421F86AF6986D87E6D05
 |   |   |- [+] [ 25]
 |   |   |   |- Guid:77F4EACB448F6CAB709E178A8A1DE94C BaseClass: NativeClass:/Script/Engine.StaticMeshActor Name:StaticMeshActor_16 Label:SM_Cube11 SpatiallyLoaded:1 Bounds:IsValid=true, Min=(X=400.000 Y=2600.000 Z=0.000), Max=(X=700.000 Y=2900.000 Z=200.000) RuntimeGrid:None EditorOnly:0 RuntimeOnly:0 HLODRelevant:1 ListedInSceneOutliner:1 IsMainWorldOnly:0 FolderPath:Block03 FolderGuid:7B7009C345D3D6DD94D3429E1D79C034
 |   |   |- [+] [ 26]
 |   |   |   |- Guid:7F0263A845D989E6C0B10796F4716A98 BaseClass: NativeClass:/Script/Engine.StaticMeshActor Name:StaticMeshActor_UAID_2C56DCD5458D121F02_2100317404 Label:SM_QuarterCylinder15 SpatiallyLoaded:1 Bounds:IsValid=true, Min=(X=2450.000 Y=500.000 Z=130.000), Max=(X=2650.000 Y=700.000 Z=230.000) RuntimeGrid:None EditorOnly:0 RuntimeOnly:0 HLODRelevant:1 ListedInSceneOutliner:1 IsMainWorldOnly:0 FolderPath:Cylinder FolderGuid:D075E5BA49330D3EC2503D81A7CF88D1
 |   |   |- [+] [ 27]
 |   |   |   |- Guid:7FA27C7A4C18F513C041C299D78735E3 BaseClass: NativeClass:/Script/Engine.StaticMeshActor Name:StaticMeshActor_2 Label:SM_ChamferCube SpatiallyLoaded:1 Bounds:IsValid=true, Min=(X=1100.000 Y=2000.000 Z=0.013), Max=(X=1200.000 Y=2100.000 Z=100.013) RuntimeGrid:None EditorOnly:0 RuntimeOnly:0 HLODRelevant:0 ListedInSceneOutliner:1 IsMainWorldOnly:0
 |   |   |- [+] [ 28]
 |   |   |   |- Guid:8160E09D45CE3C513F65A286B8EA1384 BaseClass:/Game/SommerSpass/Playground/Collectable.Collectable_C NativeClass:/Script/Engine.Actor Name:Collectable_C_UAID_2C56DCD5458D121F02_2051774402 Label:Collectable5 SpatiallyLoaded:1 Bounds:IsValid=true, Min=(X=1840.000 Y=1180.000 Z=60.063), Max=(X=1880.000 Y=1220.000 Z=100.063) RuntimeGrid:None EditorOnly:0 RuntimeOnly:0 HLODRelevant:0 ListedInSceneOutliner:1 IsMainWorldOnly:0
 |   |   |- [+] [ 29]
 |   |   |   |- Guid:8EACF36F4FAD5D67A113159917C1AFC7 BaseClass: NativeClass:/Script/Engine.VolumetricCloud Name:VolumetricCloud_0 Label:VolumetricCloud SpatiallyLoaded:0 Bounds:IsValid=true, Min=(X=0.000 Y=0.000 Z=820.000), Max=(X=0.000 Y=0.000 Z=820.000) RuntimeGrid:None EditorOnly:0 RuntimeOnly:0 HLODRelevant:0 ListedInSceneOutliner:1 IsMainWorldOnly:0 FolderPath:Lighting FolderGuid:963EC3EB4002CCE9759E2EBA541A873A
 |   |   |- [+] [ 30]
 |   |   |   |- Guid:90CE07364B497FA49617F7811F13B0FD BaseClass:/Game/SommerSpass/Playground/Collectable.Collectable_C NativeClass:/Script/Engine.Actor Name:Collectable_C_UAID_2C56DCD5458D111F02_1967898225 Label:Collectable4 SpatiallyLoaded:1 Bounds:IsValid=true, Min=(X=1350.000 Y=1180.000 Z=60.063), Max=(X=1390.000 Y=1220.000 Z=100.063) RuntimeGrid:None EditorOnly:0 RuntimeOnly:0 HLODRelevant:0 ListedInSceneOutliner:1 IsMainWorldOnly:0
 |   |   |- [+] [ 31]
 |   |   |   |- Guid:9FE431DE4C822F6E1A4BA287071C2D41 BaseClass: NativeClass:/Script/Engine.WorldDataLayers Name:WorldDataLayers Label:WorldDataLayers SpatiallyLoaded:0 Bounds:Invalid RuntimeGrid:None EditorOnly:0 RuntimeOnly:0 HLODRelevant:0 ListedInSceneOutliner:1 IsMainWorldOnly:1
 |   |   |- [+] [ 32]
 |   |   |   |- Guid:A537F59E4F778A5C37C174949E4944B9 BaseClass: NativeClass:/Script/Engine.StaticMeshActor Name:StaticMeshActor_11 Label:SM_ChamferCube3 SpatiallyLoaded:1 Bounds:IsValid=true, Min=(X=481.699 Y=2271.699 Z=0.013), Max=(X=618.301 Y=2408.301 Z=100.013) RuntimeGrid:None EditorOnly:0 RuntimeOnly:0 HLODRelevant:0 ListedInSceneOutliner:1 IsMainWorldOnly:0
 |   |   |- [+] [ 33]
 |   |   |   |- Guid:ABA2CD084B812F337E3A6B89F8FAEBDF BaseClass: NativeClass:/Script/Engine.StaticMeshActor Name:StaticMeshActor_UAID_A4AE111137DC5EFB00_1110535423 Label:SM_SkySphere SpatiallyLoaded:0 Bounds:IsValid=true, Min=(X=-1638400.000 Y=-1638400.000 Z=-1638400.000), Max=(X=1638400.000 Y=1638400.000 Z=1638400.000) RuntimeGrid:None EditorOnly:0 RuntimeOnly:0 HLODRelevant:0 ListedInSceneOutliner:1 IsMainWorldOnly:0 FolderPath:Lighting FolderGuid:963EC3EB4002CCE9759E2EBA541A873A
 |   |   |- [+] [ 34]
 |   |   |   |- Guid:B24DDA724EACFCEDD674BF8CC1C04167 BaseClass: NativeClass:/Script/Engine.StaticMeshActor Name:StaticMeshActor_0 Label:SM_Cube5 SpatiallyLoaded:1 Bounds:IsValid=true, Min=(X=-0.000 Y=100.000 Z=0.000), Max=(X=100.000 Y=3400.000 Z=400.000) RuntimeGrid:None EditorOnly:0 RuntimeOnly:0 HLODRelevant:1 ListedInSceneOutliner:1 IsMainWorldOnly:0 FolderPath:Playground FolderGuid:C73F09FC4215536B1DCE2A9E0A830C70
 |   |   |- [+] [ 35]
 |   |   |   |- Guid:BD3474D944C0BE01C96B2682B5C8F3EC BaseClass: NativeClass:/Script/Engine.StaticMeshActor Name:StaticMeshActor_23 Label:SM_QuarterCylinder5 SpatiallyLoaded:1 Bounds:IsValid=true, Min=(X=300.000 Y=2800.000 Z=0.000), Max=(X=400.000 Y=2900.000 Z=200.000) RuntimeGrid:None EditorOnly:0 RuntimeOnly:0 HLODRelevant:1 ListedInSceneOutliner:1 IsMainWorldOnly:0 FolderPath:Block03 FolderGuid:7B7009C345D3D6DD94D3429E1D79C034
 |   |   |- [+] [ 36]
 |   |   |   |- Guid:BD4C17FD4AFAC65F08EFAE8EDFAE374E BaseClass:/Game/SommerSpass/Playground/Collectable.Collectable_C NativeClass:/Script/Engine.Actor Name:Collectable_C_UAID_2C56DCD5458D111F02_1965989223 Label:Collectable2 SpatiallyLoaded:1 Bounds:IsValid=true, Min=(X=1190.000 Y=1390.000 Z=60.063), Max=(X=1230.000 Y=1430.000 Z=100.063) RuntimeGrid:None EditorOnly:0 RuntimeOnly:0 HLODRelevant:0 ListedInSceneOutliner:1 IsMainWorldOnly:0
 |   |   |- [+] [ 37]
 |   |   |   |- Guid:C8483DAE401E3CC56FC457B71658AEE1 BaseClass:/Game/SommerSpass/Playground/Collectable.Collectable_C NativeClass:/Script/Engine.Actor Name:Collectable_C_UAID_2C56DCD5458D111F02_1966943224 Label:Collectable3 SpatiallyLoaded:1 Bounds:IsValid=true, Min=(X=1350.000 Y=1390.000 Z=60.063), Max=(X=1390.000 Y=1430.000 Z=100.063) RuntimeGrid:None EditorOnly:0 RuntimeOnly:0 HLODRelevant:0 ListedInSceneOutliner:1 IsMainWorldOnly:0
 |   |   |- [+] [ 38]
 |   |   |   |- Guid:CE0C85EE4402D1C1778652A7DF490D40 BaseClass: NativeClass:/Script/Engine.StaticMeshActor Name:StaticMeshActor_22 Label:SM_QuarterCylinder4 SpatiallyLoaded:1 Bounds:IsValid=true, Min=(X=300.000 Y=2600.000 Z=0.000), Max=(X=400.000 Y=2700.000 Z=200.000) RuntimeGrid:None EditorOnly:0 RuntimeOnly:0 HLODRelevant:1 ListedInSceneOutliner:1 IsMainWorldOnly:0 FolderPath:Block03 FolderGuid:7B7009C345D3D6DD94D3429E1D79C034
 |   |   |- [+] [ 39]
 |   |   |   |- Guid:CE4068154903E50A7F5E1AA41F7675CF BaseClass: NativeClass:/Script/Engine.StaticMeshActor Name:StaticMeshActor_25 Label:SM_QuarterCylinder6 SpatiallyLoaded:1 Bounds:IsValid=true, Min=(X=1200.000 Y=2200.000 Z=0.000), Max=(X=1300.000 Y=2300.000 Z=200.000) RuntimeGrid:None EditorOnly:0 RuntimeOnly:0 HLODRelevant:1 ListedInSceneOutliner:1 IsMainWorldOnly:0 FolderPath:Block01 FolderGuid:7D23E5AE4C2A421F86AF6986D87E6D05
 |   |   |- [+] [ 40]
 |   |   |   |- Guid:D3C7F28040EC5094FCA382AFF997082F BaseClass: NativeClass:/Script/Engine.StaticMeshActor Name:StaticMeshActor_7 Label:SM_Cube7 SpatiallyLoaded:1 Bounds:IsValid=true, Min=(X=1300.000 Y=2200.000 Z=0.000), Max=(X=1500.000 Y=2300.000 Z=200.000) RuntimeGrid:None EditorOnly:0 RuntimeOnly:0 HLODRelevant:1 ListedInSceneOutliner:1 IsMainWorldOnly:0 FolderPath:Block01 FolderGuid:7D23E5AE4C2A421F86AF6986D87E6D05
 |   |   |- [+] [ 41]
 |   |   |   |- Guid:D4E9EB654A468917D7EA39A36DD998DB BaseClass: NativeClass:/Script/Engine.StaticMeshActor Name:StaticMeshActor_18 Label:SM_QuarterCylinder SpatiallyLoaded:1 Bounds:IsValid=true, Min=(X=2500.000 Y=2800.000 Z=0.000), Max=(X=2600.000 Y=2900.000 Z=200.000) RuntimeGrid:None EditorOnly:0 RuntimeOnly:0 HLODRelevant:1 ListedInSceneOutliner:1 IsMainWorldOnly:0 FolderPath:Block02 FolderGuid:EBA23F8248252949750E43911A3A1CDD
 |   |   |- [+] [ 42]
 |   |   |   |- Guid:D8F7CE274BE01B6CD658B9B2BA74F71A BaseClass: NativeClass:/Script/Engine.StaticMeshActor Name:StaticMeshActor_UAID_2C56DCD5458D121F02_2100322407 Label:SM_QuarterCylinder18 SpatiallyLoaded:1 Bounds:IsValid=true, Min=(X=2650.000 Y=700.000 Z=130.000), Max=(X=2850.000 Y=900.000 Z=230.000) RuntimeGrid:None EditorOnly:0 RuntimeOnly:0 HLODRelevant:1 ListedInSceneOutliner:1 IsMainWorldOnly:0 FolderPath:Cylinder FolderGuid:D075E5BA49330D3EC2503D81A7CF88D1
 |   |   |- [+] [ 43]
 |   |   |   |- Guid:EACFE9C743D4F1D9CC4425B63478209C BaseClass: NativeClass:/Script/Engine.StaticMeshActor Name:StaticMeshActor_UAID_2C56DCD5458D121F02_2100321406 Label:SM_QuarterCylinder17 SpatiallyLoaded:1 Bounds:IsValid=true, Min=(X=2650.000 Y=500.000 Z=130.000), Max=(X=2850.000 Y=700.000 Z=230.000) RuntimeGrid:None EditorOnly:0 RuntimeOnly:0 HLODRelevant:1 ListedInSceneOutliner:1 IsMainWorldOnly:0 FolderPath:Cylinder FolderGuid:D075E5BA49330D3EC2503D81A7CF88D1
 |   |   |- [+] [ 44]
 |   |   |   |- Guid:EDCDAF6A4F516AE6136C3BAEAD696ACD BaseClass: NativeClass:/Script/Engine.StaticMeshActor Name:StaticMeshActor_19 Label:SM_QuarterCylinder2 SpatiallyLoaded:1 Bounds:IsValid=true, Min=(X=2500.000 Y=2600.000 Z=0.000), Max=(X=2600.000 Y=2700.000 Z=200.000) RuntimeGrid:None EditorOnly:0 RuntimeOnly:0 HLODRelevant:1 ListedInSceneOutliner:1 IsMainWorldOnly:0 FolderPath:Block02 FolderGuid:EBA23F8248252949750E43911A3A1CDD
 |   |   |- [+] [ 45]
 |   |   |   |- Guid:F0D872474FA89AB4A01DFABC1DEFB6E1 BaseClass: NativeClass:/Script/Engine.StaticMeshActor Name:StaticMeshActor_9 Label:SM_Ramp2 SpatiallyLoaded:1 Bounds:IsValid=true, Min=(X=1400.000 Y=1500.000 Z=0.000), Max=(X=1800.000 Y=1700.000 Z=100.000) RuntimeGrid:None EditorOnly:0 RuntimeOnly:0 HLODRelevant:1 ListedInSceneOutliner:1 IsMainWorldOnly:0 FolderPath:Block01 FolderGuid:7D23E5AE4C2A421F86AF6986D87E6D05
 |   |   |- [+] [ 46]
 |   |   |   |- Guid:F4C4F7A74899A1F8E0FAB0AC8B1C5F4D BaseClass: NativeClass:/Script/Engine.TextRenderActor Name:TextRenderActor_1 Label:TextRenderActor SpatiallyLoaded:1 Bounds:IsValid=true, Min=(X=-0.100 Y=1100.000 Z=65.013), Max=(X=-0.100 Y=2392.308 Z=215.013) RuntimeGrid:None EditorOnly:0 RuntimeOnly:0 HLODRelevant:0 ListedInSceneOutliner:1 IsMainWorldOnly:0
 |   |   |- [+] [ 47]
 |   |   |   |- Guid:F62C467A40A0C75F146A6CAC0EA30465 BaseClass: NativeClass:/Script/Engine.StaticMeshActor Name:StaticMeshActor_35 Label:SM_QuarterCylinder14 SpatiallyLoaded:1 Bounds:IsValid=true, Min=(X=2200.000 Y=500.000 Z=0.000), Max=(X=2400.000 Y=700.000 Z=100.000) RuntimeGrid:None EditorOnly:0 RuntimeOnly:0 HLODRelevant:1 ListedInSceneOutliner:1 IsMainWorldOnly:0 FolderPath:Cylinder FolderGuid:D075E5BA49330D3EC2503D81A7CF88D1
 |- ContainerInstances:
 |- [+] MainContainer:
 |   |-        ID: 00000000000000000000000000000000
 |   |-  ParentID: 00000000000000000000000000000000
 |   |-    Bounds: IsValid=false, Min=(X=0.000 Y=0.000 Z=0.000), Max=(X=0.000 Y=0.000 Z=0.000)
 |   |- Transform: 0.000000,0.000000,0.000000|0.000000,0.000000,-0.000000|1.000000,1.000000,1.000000
 |   |- Container: /Game/SommerSpass/Playground/Playground
----------------------------------------------------------------------------------------------------------------
Playground - Persistent Level
----------------------------------------------------------------------------------------------------------------
[+] Content of Playground Persistent Level
 |- Always loaded Actor Count: 48 
 |- Actor Path: /Game/SommerSpass/Playground/Playground.Playground:PersistentLevel.Collectable_C_UAID_2C56DCD5458D091F02_1894866815
 |- Actor Package: /Game/__ExternalActors__/SommerSpass/Playground/Playground/7/IP/HGG9IMMXL7KSM1OC9L3WKX
 |- Actor Path: /Game/SommerSpass/Playground/Playground.Playground:PersistentLevel.Collectable_C_UAID_2C56DCD5458D111F02_1965989223
 |- Actor Package: /Game/__ExternalActors__/SommerSpass/Playground/Playground/D/0B/2SX1M73ENWW2J9254YOBEO
 |- Actor Path: /Game/SommerSpass/Playground/Playground.Playground:PersistentLevel.Collectable_C_UAID_2C56DCD5458D111F02_1966943224
 |- Actor Package: /Game/__ExternalActors__/SommerSpass/Playground/Playground/E/30/3WQFP3KY85P6VA9FJ28A56
 |- Actor Path: /Game/SommerSpass/Playground/Playground.Playground:PersistentLevel.Collectable_C_UAID_2C56DCD5458D111F02_1967898225
 |- Actor Package: /Game/__ExternalActors__/SommerSpass/Playground/Playground/8/46/EQ2XSW76BA3RCSNPEHV0OP
 |- Actor Path: /Game/SommerSpass/Playground/Playground.Playground:PersistentLevel.Collectable_C_UAID_2C56DCD5458D121F02_2051774402
 |- Actor Package: /Game/__ExternalActors__/SommerSpass/Playground/Playground/5/MD/HCO7DVXB00LCYAAQ0A8R82
 |- Actor Path: /Game/SommerSpass/Playground/Playground.Playground:PersistentLevel.Collectable_C_UAID_2C56DCD5458D121F02_2052822403
 |- Actor Package: /Game/__ExternalActors__/SommerSpass/Playground/Playground/7/CZ/PDVZH2V73S57POF4Q4MOR7
 |- Actor Path: /Game/SommerSpass/Playground/Playground.Playground:PersistentLevel.DirectionalLight_0
 |- Actor Package: /Game/__ExternalActors__/SommerSpass/Playground/Playground/5/JZ/MKEF7V2IY2EJBSV1OZNWGL
 |- Actor Path: /Game/SommerSpass/Playground/Playground.Playground:PersistentLevel.ExponentialHeightFog_0
 |- Actor Package: /Game/__ExternalActors__/SommerSpass/Playground/Playground/B/XS/HHM2C12LKD0ADC57T6MB0X
 |- Actor Path: /Game/SommerSpass/Playground/Playground.Playground:PersistentLevel.PlayerStart_0
 |- Actor Package: /Game/__ExternalActors__/SommerSpass/Playground/Playground/1/QV/70SYSO3W0GAUXRSRLUSI5O
 |- Actor Path: /Game/SommerSpass/Playground/Playground.Playground:PersistentLevel.PostProcessVolume_0
 |- Actor Package: /Game/__ExternalActors__/SommerSpass/Playground/Playground/A/M8/SEY9DICE2F1OVFTBO3HG0P
 |- Actor Path: /Game/SommerSpass/Playground/Playground.Playground:PersistentLevel.SkyAtmosphere_0
 |- Actor Package: /Game/__ExternalActors__/SommerSpass/Playground/Playground/2/YH/4QYF5TUZEC1Q42K77ILLKW
 |- Actor Path: /Game/SommerSpass/Playground/Playground.Playground:PersistentLevel.SkyLight_1
 |- Actor Package: /Game/__ExternalActors__/SommerSpass/Playground/Playground/3/O6/2X05H4M5UZVAVOT830L85F
 |- Actor Path: /Game/SommerSpass/Playground/Playground.Playground:PersistentLevel.StaticMeshActor_0
 |- Actor Package: /Game/__ExternalActors__/SommerSpass/Playground/Playground/6/XU/ECA2NVB40E5QI8E2KI02Y7
 |- Actor Path: /Game/SommerSpass/Playground/Playground.Playground:PersistentLevel.StaticMeshActor_1
 |- Actor Package: /Game/__ExternalActors__/SommerSpass/Playground/Playground/D/EG/4LCT5KYJJHED5DLYNET4RL
 |- Actor Path: /Game/SommerSpass/Playground/Playground.Playground:PersistentLevel.StaticMeshActor_10
 |- Actor Package: /Game/__ExternalActors__/SommerSpass/Playground/Playground/2/HH/ZX7C9MT5P31S1SS71C5OHV
 |- Actor Path: /Game/SommerSpass/Playground/Playground.Playground:PersistentLevel.StaticMeshActor_11
 |- Actor Package: /Game/__ExternalActors__/SommerSpass/Playground/Playground/3/PJ/LT1GIKWP7DEDMMUW1BJZZI
 |- Actor Path: /Game/SommerSpass/Playground/Playground.Playground:PersistentLevel.StaticMeshActor_12
 |- Actor Package: /Game/__ExternalActors__/SommerSpass/Playground/Playground/7/4C/BDEFJY102CPKQOJNCURWRC
 |- Actor Path: /Game/SommerSpass/Playground/Playground.Playground:PersistentLevel.StaticMeshActor_13
 |- Actor Package: /Game/__ExternalActors__/SommerSpass/Playground/Playground/3/2W/QO8K02C7L53TSMXO4SE0XW
 |- Actor Path: /Game/SommerSpass/Playground/Playground.Playground:PersistentLevel.StaticMeshActor_14
 |- Actor Package: /Game/__ExternalActors__/SommerSpass/Playground/Playground/9/OF/S2VX51JZSC6E8V3A4IDMZA
 |- Actor Path: /Game/SommerSpass/Playground/Playground.Playground:PersistentLevel.StaticMeshActor_15
 |- Actor Package: /Game/__ExternalActors__/SommerSpass/Playground/Playground/7/2S/WKRB42AJY3949EF1TT6ITD
 |- Actor Path: /Game/SommerSpass/Playground/Playground.Playground:PersistentLevel.StaticMeshActor_16
 |- Actor Package: /Game/__ExternalActors__/SommerSpass/Playground/Playground/E/5I/0Z78F2USKJT3AMV2KR4LCI
 |- Actor Path: /Game/SommerSpass/Playground/Playground.Playground:PersistentLevel.StaticMeshActor_18
 |- Actor Package: /Game/__ExternalActors__/SommerSpass/Playground/Playground/C/39/NVW2H57TFVPNMSJIQ5ZYIK
 |- Actor Path: /Game/SommerSpass/Playground/Playground.Playground:PersistentLevel.StaticMeshActor_19
 |- Actor Package: /Game/__ExternalActors__/SommerSpass/Playground/Playground/2/7K/FQBD9C2GN9BD3IACD9JPNZ
 |- Actor Path: /Game/SommerSpass/Playground/Playground.Playground:PersistentLevel.StaticMeshActor_2
 |- Actor Package: /Game/__ExternalActors__/SommerSpass/Playground/Playground/8/LU/VUXY4A4NSTP6EWJ6NZQUFW
 |- Actor Path: /Game/SommerSpass/Playground/Playground.Playground:PersistentLevel.StaticMeshActor_20
 |- Actor Package: /Game/__ExternalActors__/SommerSpass/Playground/Playground/9/YO/DLWKSWZ6Q6TSHIZ2A8ZXHK
 |- Actor Path: /Game/SommerSpass/Playground/Playground.Playground:PersistentLevel.StaticMeshActor_21
 |- Actor Package: /Game/__ExternalActors__/SommerSpass/Playground/Playground/8/58/WRPPB4R6XPUI3IMM67F18Y
 |- Actor Path: /Game/SommerSpass/Playground/Playground.Playground:PersistentLevel.StaticMeshActor_22
 |- Actor Package: /Game/__ExternalActors__/SommerSpass/Playground/Playground/7/3Q/6LHSCYC1W2VRH7XNBR0IB6
 |- Actor Path: /Game/SommerSpass/Playground/Playground.Playground:PersistentLevel.StaticMeshActor_23
 |- Actor Package: /Game/__ExternalActors__/SommerSpass/Playground/Playground/2/5Y/K0VF9BB7GFBCTAJHYBNSG9
 |- Actor Path: /Game/SommerSpass/Playground/Playground.Playground:PersistentLevel.StaticMeshActor_24
 |- Actor Package: /Game/__ExternalActors__/SommerSpass/Playground/Playground/E/99/91QRM7C9D06FHAAHWREE7P
 |- Actor Path: /Game/SommerSpass/Playground/Playground.Playground:PersistentLevel.StaticMeshActor_25
 |- Actor Package: /Game/__ExternalActors__/SommerSpass/Playground/Playground/0/UK/0HWAY5A5TZLUKIO7WF2BAK
 |- Actor Path: /Game/SommerSpass/Playground/Playground.Playground:PersistentLevel.StaticMeshActor_3
 |- Actor Package: /Game/__ExternalActors__/SommerSpass/Playground/Playground/4/1H/V7PKA5TOQXPOQS4QY2CFFX
 |- Actor Path: /Game/SommerSpass/Playground/Playground.Playground:PersistentLevel.StaticMeshActor_32
 |- Actor Package: /Game/__ExternalActors__/SommerSpass/Playground/Playground/7/BY/ZMXXCTM62CM485U8OPEFFL
 |- Actor Path: /Game/SommerSpass/Playground/Playground.Playground:PersistentLevel.StaticMeshActor_33
 |- Actor Package: /Game/__ExternalActors__/SommerSpass/Playground/Playground/4/Q3/MPDHSU85JZH69APUBIDYUF
 |- Actor Path: /Game/SommerSpass/Playground/Playground.Playground:PersistentLevel.StaticMeshActor_34
 |- Actor Package: /Game/__ExternalActors__/SommerSpass/Playground/Playground/2/W1/DUW9WAM8DEU3JM1RKB803B
 |- Actor Path: /Game/SommerSpass/Playground/Playground.Playground:PersistentLevel.StaticMeshActor_35
 |- Actor Package: /Game/__ExternalActors__/SommerSpass/Playground/Playground/6/BD/CX8IQHA9WSIR56ZEO4QL3D
 |- Actor Path: /Game/SommerSpass/Playground/Playground.Playground:PersistentLevel.StaticMeshActor_5
 |- Actor Package: /Game/__ExternalActors__/SommerSpass/Playground/Playground/9/JX/AKKK3GU446A3DOOR34R110
 |- Actor Path: /Game/SommerSpass/Playground/Playground.Playground:PersistentLevel.StaticMeshActor_6
 |- Actor Package: /Game/__ExternalActors__/SommerSpass/Playground/Playground/3/90/JJNC949KXZ9VBCVUON7RW5
 |- Actor Path: /Game/SommerSpass/Playground/Playground.Playground:PersistentLevel.StaticMeshActor_7
 |- Actor Package: /Game/__ExternalActors__/SommerSpass/Playground/Playground/7/3P/CN36Z2ACXQ27APCECPRZJ0
 |- Actor Path: /Game/SommerSpass/Playground/Playground.Playground:PersistentLevel.StaticMeshActor_8
 |- Actor Package: /Game/__ExternalActors__/SommerSpass/Playground/Playground/B/J6/R2I2QNMIZH53MW2SK1QM0Q
 |- Actor Path: /Game/SommerSpass/Playground/Playground.Playground:PersistentLevel.StaticMeshActor_9
 |- Actor Package: /Game/__ExternalActors__/SommerSpass/Playground/Playground/A/3S/1JFR7S5QD6HOU4WLWK7O66
 |- Actor Path: /Game/SommerSpass/Playground/Playground.Playground:PersistentLevel.StaticMeshActor_UAID_2C56DCD5458D121F02_2100317404
 |- Actor Package: /Game/__ExternalActors__/SommerSpass/Playground/Playground/2/54/7MWNG4ME2LSDQGUF7NAAZ9
 |- Actor Path: /Game/SommerSpass/Playground/Playground.Playground:PersistentLevel.StaticMeshActor_UAID_2C56DCD5458D121F02_2100319405
 |- Actor Package: /Game/__ExternalActors__/SommerSpass/Playground/Playground/3/AM/62VVN7MY0KU8ZM94GXQV3Z
 |- Actor Path: /Game/SommerSpass/Playground/Playground.Playground:PersistentLevel.StaticMeshActor_UAID_2C56DCD5458D121F02_2100321406
 |- Actor Package: /Game/__ExternalActors__/SommerSpass/Playground/Playground/E/97/XHBGG9WGJCQPKX6HAKNNIA
 |- Actor Path: /Game/SommerSpass/Playground/Playground.Playground:PersistentLevel.StaticMeshActor_UAID_2C56DCD5458D121F02_2100322407
 |- Actor Package: /Game/__ExternalActors__/SommerSpass/Playground/Playground/2/YJ/2U6RWJZ4EECQ5DDSCI5VD4
 |- Actor Path: /Game/SommerSpass/Playground/Playground.Playground:PersistentLevel.StaticMeshActor_UAID_A4AE111137DC5EFB00_1110535423
 |- Actor Package: /Game/__ExternalActors__/SommerSpass/Playground/Playground/0/0L/QENGXTBT2DATO37GR3BE34
 |- Actor Path: /Game/SommerSpass/Playground/Playground.Playground:PersistentLevel.TextRenderActor_1
 |- Actor Package: /Game/__ExternalActors__/SommerSpass/Playground/Playground/6/AQ/YREVQAYWK9196A55YKYNLN
 |- Actor Path: /Game/SommerSpass/Playground/Playground.Playground:PersistentLevel.VolumetricCloud_0
 |- Actor Package: /Game/__ExternalActors__/SommerSpass/Playground/Playground/3/A5/LAG9G96ADF3906T0KBUSR5
 |- Actor Path: /Game/SommerSpass/Playground/Playground.Playground:PersistentLevel.WorldDataLayers
 |- Actor Package: /Game/__ExternalActors__/SommerSpass/Playground/Playground/2/1T/FIK4AD9BX2Y7Z7CM7QKW1S

----------------------------------------------------------------------------------------------------------------
Playground - Runtime Hash Set
----------------------------------------------------------------------------------------------------------------

